This file contains any messages produced by compilers while
running configure, to aid debugging if configure makes a mistake.

configure:607: checking for a BSD compatible install
configure:660: checking whether build environment is sane
configure:717: checking whether make sets ${MAKE}
configure:763: checking for working aclocal
configure:776: checking for working autoconf
configure:789: checking for working automake
configure:802: checking for working autoheader
configure:815: checking for working makeinfo
configure:905: checking host system type
configure:926: checking build system type
configure:946: checking for ranlib
configure:976: checking for gcc
configure:1089: checking whether the C compiler (gcc  ) works
configure:1105: gcc -o conftest    conftest.c  1>&5
configure:1131: checking whether the C compiler (gcc  ) is a cross-compiler
configure:1136: checking whether we are using GNU C
configure:1164: checking whether gcc accepts -g
configure:1207: checking for ld used by GCC
configure:1270: checking if the linker (/usr/i386-slackware-linux/bin/ld) is GNU ld
configure:1286: checking for BSD-compatible nm
configure:1323: checking whether ln -s works
ltconfig:601: checking for object suffix
ltconfig:602: gcc -c -g -O2  conftest.c 1>&5
ltconfig:732: checking if gcc PIC flag -fPIC works
ltconfig:733: gcc -c -g -O2 -fPIC -DPIC  conftest.c 1>&5
ltconfig:785: checking if gcc supports -c -o file.o
ltconfig:786: gcc -c -g -O2 -o out/conftest2.o  conftest.c 1>&5
ltconfig:818: checking if gcc supports -c -o file.lo
ltconfig:819: gcc -c -g -O2 -c -o conftest.lo  conftest.c 1>&5
ltconfig:870: checking if gcc supports -fno-rtti -fno-exceptions
ltconfig:871: gcc -c -g -O2 -fno-rtti -fno-exceptions -c conftest.c  conftest.c 1>&5
ltconfig:914: checking if gcc static flag -static works
ltconfig:915: gcc -o conftest -g -O2   -static conftest.c  1>&5
GNU ld version 2.9.1 (with BFD 2.9.1.0.25)
ltconfig:1507: checking if global_symbol_pipe works
ltconfig:1508: gcc -c -g -O2  conftest.c 1>&5
ltconfig:1511: eval "/usr/bin/nm -B conftest.o | sed -n -e 's/^.*[ 	]\([ABCDGISTW]\)[ 	][ 	]*\(\)\([_A-Za-z][_A-Za-z0-9]*\)$/\1 \2\3 \3/p' > conftest.nm"
ltconfig:1563: gcc -o conftest -g -O2 -fno-builtin -fno-rtti -fno-exceptions   conftest.c conftstm.o 1>&5
configure:1505: checking for gcc
configure:1618: checking whether the C compiler (gcc -g -O2 ) works
configure:1634: gcc -o conftest -g -O2   conftest.c  1>&5
configure:1660: checking whether the C compiler (gcc -g -O2 ) is a cross-compiler
configure:1665: checking whether we are using GNU C
configure:1693: checking whether gcc accepts -g
configure:1736: checking for a BSD compatible install
configure:1791: checking for Cygwin environment
configure:1826: checking how to run the C preprocessor
configure:1906: checking for ANSI C header files
configure:2010: checking for sys/wait.h that is POSIX.1 compatible
configure:2055: checking for fcntl.h
configure:2055: checking for sys/time.h
configure:2055: checking for unistd.h
configure:2093: checking for working const
configure:2168: checking whether struct tm is in sys/time.h or time.h
configure:2203: checking return type of signal handlers
configure:2244: checking for strftime
configure:2342: checking for socket
configure:2342: checking for strdup
configure:2342: checking for strstr
configure:2342: checking for atexit
configure:3417: checking for glib-config
configure:3452: checking for GLIB - version >= 1.2.0
configure:3551: gcc -o conftest -g -O2 -I/usr/local/include -I/opt/include -I/usr/lib/glib/include   conftest.c -L/usr/lib -lglib  1>&5
configure:3683: checking for gtk-config
configure:3718: checking for GTK - version >= 1.2.0
configure:3819: gcc -o conftest -g -O2 -I/usr/local/include -I/opt/include -I/usr/X11R6/include -I/usr/lib/glib/include   conftest.c -L/usr/lib -L/usr/X11R6/lib -lgtk -lgdk -rdynamic -lgmodule -lglib -ldl -lXext -lX11 -lm  1>&5
configure:3958: checking for esd-config
configure:3993: checking for ESD - version >= 0.2.7
configure:4075: gcc -o conftest -g -O2 -I/usr/local/include -I/opt/include    conftest.c  -L/usr/lib -lesd -laudiofile -lm 1>&5
